<?xml version="1.0" encoding="UTF-8"?>
<testsuite xmlns:xsi="http://www.w3.org/2001/XMLSchema-instance" xsi:noNamespaceSchemaLocation="https://maven.apache.org/surefire/maven-surefire-plugin/xsd/surefire-test-report-3.0.xsd" version="3.0" name="magnus.utils.jwt.JwtTokenServiceTest" time="2.452" tests="1" errors="0" skipped="0" failures="0">
  <properties>
[...]
</properties>
  <testcase name="test" classname="magnus.utils.jwt.JwtTokenServiceTest" time="0.653">
    <system-out><![CDATA[15:09:14.563 [main] INFO org.springframework.test.context.support.AnnotationConfigContextLoaderUtils -- Could not detect default configuration classes for test class [magnus.utils.jwt.JwtTokenServiceTest]: JwtTokenServiceTest does not declare any static, non-private, non-final, nested classes annotated with @Configuration.
15:09:14.648 [main] INFO org.springframework.boot.test.context.SpringBootTestContextBootstrapper -- Found @SpringBootConfiguration magnus.MagnusApplication for test class magnus.utils.jwt.JwtTokenServiceTest

  .   ____          _            __ _ _
 /\\ / ___'_ __ _ _(_)_ __  __ _ \ \ \ \
( ( )\___ | '_ | '_| | '_ \/ _` | \ \ \ \
 \\/  ___)| |_)| | | | | || (_| |  ) ) ) )
  '  |____| .__|_| |_|_| |_\__, | / / / /
 =========|_|==============|___/=/_/_/_/
 :: Spring Boot ::                (v3.1.2)

2023-08-22T15:09:14.981+08:00  INFO 15432 --- [           main] magnus.utils.jwt.JwtTokenServiceTest     : Starting JwtTokenServiceTest using Java 19.0.2 with PID 15432 (started by magnu in D:\workspace\projects\projects\distributed_system\service_security)
2023-08-22T15:09:14.982+08:00  INFO 15432 --- [           main] magnus.utils.jwt.JwtTokenServiceTest     : No active profile set, falling back to 1 default profile: "default"
2023-08-22T15:09:15.895+08:00  INFO 15432 --- [           main] o.s.s.web.DefaultSecurityFilterChain     : Will secure any request with [org.springframework.security.web.session.DisableEncodeUrlFilter@4130a648, org.springframework.security.web.context.request.async.WebAsyncManagerIntegrationFilter@61ff6a49, org.springframework.security.web.context.SecurityContextHolderFilter@2e5e6fc4, magnus.configuration.MagnusJwtAuthorizationFilter@18dd5ed3, magnus.configuration.MagnusJwtAuthenticationFilter@6042d663, org.springframework.security.web.header.HeaderWriterFilter@604d23fa, org.springframework.security.web.authentication.logout.LogoutFilter@7698b7a4, org.springframework.security.web.savedrequest.RequestCacheAwareFilter@79980d8d, org.springframework.security.web.servletapi.SecurityContextHolderAwareRequestFilter@58324c9f, org.springframework.security.web.authentication.AnonymousAuthenticationFilter@24043ec5, org.springframework.security.web.access.ExceptionTranslationFilter@5a7df831, org.springframework.security.web.access.intercept.AuthorizationFilter@7741d346]
2023-08-22T15:09:16.209+08:00  INFO 15432 --- [           main] magnus.utils.jwt.JwtTokenServiceTest     : Started JwtTokenServiceTest in 1.447 seconds (process running for 2.506)
eyJ0eXAiOiJKV1QiLCJhbGciOiJIUzI1NiJ9.eyJhbGxvY2F0aW9uVGltZSI6MTY5MjY4ODE1NjgwNSwiZXhwaXJlVGltZSI6MTY5MjY4ODE4NjgwNSwidXNlcmlkIjoiMSIsInVzZXJuYW1lIjoidXNlcjEifQ.YN1P3gxVkBs0B3xabsGOmTLp7qtHL_esvL69r_NSXO0
user1
]]></system-out>
  </testcase>
</testsuite>