<?xml version="1.0" encoding="UTF-8"?>
<testsuite xmlns:xsi="http://www.w3.org/2001/XMLSchema-instance" xsi:noNamespaceSchemaLocation="https://maven.apache.org/surefire/maven-surefire-plugin/xsd/surefire-test-report-3.0.xsd" version="3.0" name="magnus.configuration.MagnusUsernamePasswordFilterTest" time="0.164" tests="1" errors="0" skipped="0" failures="0">
  <properties>
[...]
</properties>
  <testcase name="testJacksonTransferStringToMap" classname="magnus.configuration.MagnusUsernamePasswordFilterTest" time="0.146">
    <system-out><![CDATA[{username=username}
]]></system-out>
  </testcase>
</testsuite>